2025-05-16 17:39:44,936 - INFO - Login fail - Username not found: user
2025-05-16 17:40:33,212 - INFO - User registered: user
2025-05-16 17:40:38,216 - INFO - User logged in: user
2025-05-16 17:40:58,304 - INFO - Login fail - Incorrect password: user
2025-05-16 17:41:11,512 - INFO - User logged in: user
2025-05-16 17:42:36,475 - INFO - User registered: user1
2025-05-16 17:43:07,299 - INFO - User logged in: user
2025-05-16 17:43:13,978 - INFO - User logged in: user1
2025-05-16 17:43:15,546 - INFO - User logged in: user
2025-05-16 17:43:29,253 - INFO - User logged in: user
2025-05-16 17:43:31,216 - INFO - User logged in: user1
2025-05-16 17:43:33,754 - INFO - User logged in: user1
2025-05-16 17:43:38,706 - INFO - User logged in: user1
2025-05-16 17:44:11,503 - INFO - User logged in: user1
2025-05-16 17:44:15,645 - INFO - User logged in: user1
2025-05-16 17:53:52,809 - INFO - User logged in: user
2025-05-16 17:53:59,595 - INFO - User logged in: user
2025-05-16 17:57:54,034 - INFO - User logged in: user
2025-05-16 17:58:17,785 - INFO - User logged in: user
2025-05-16 17:58:30,962 - INFO - User logged in: user
2025-05-16 18:01:38,253 - INFO - User logged in: user
2025-05-16 18:02:03,605 - INFO - User logged in: user
2025-05-16 18:07:06,798 - INFO - User logged in: user
2025-05-16 18:10:41,519 - INFO - User logged in: user
2025-05-16 18:10:55,136 - INFO - User logged in: user
2025-05-16 18:11:44,090 - INFO - User logged in: user
2025-05-16 18:17:54,204 - INFO - User logged in: user
2025-05-16 18:19:14,991 - INFO - User logged in: user
2025-05-16 18:21:22,994 - INFO - User logged in: user
2025-05-16 18:22:25,960 - INFO - User logged in: user
2025-05-16 18:24:34,593 - INFO - User logged in: user
2025-05-16 18:27:17,116 - INFO - User logged in: user
2025-05-16 18:29:04,774 - INFO - User logged in: user
2025-05-16 18:31:36,115 - INFO - User logged in: user
2025-05-16 18:33:39,775 - INFO - User logged in: user
2025-05-16 18:37:18,371 - INFO - User logged in: user
2025-05-16 18:42:39,323 - INFO - User logged in: user
2025-05-16 18:46:53,029 - INFO - User logged in: user
2025-05-16 18:47:05,694 - INFO - User logged in: user
2025-05-16 18:47:09,969 - INFO - User logged in: user
2025-05-16 18:47:16,147 - INFO - User logged in: user
2025-05-17 10:41:45,050 - INFO - User logged in: user
2025-05-17 10:41:52,854 - INFO - User logged in: user
2025-05-17 10:49:09,195 - INFO - Register fail - Username exists: user1
2025-05-17 10:49:28,925 - INFO - User logged in: user
2025-05-17 10:49:32,646 - INFO - User logged in: user
2025-05-17 10:49:55,770 - INFO - Login fail - Incorrect password: user1
